1534158328251	geckodriver	INFO	Listening on 127.0.0.1:62566
1534158328795	mozprofile::profile	INFO	Using profile path C:\Users\hdo1228\AppData\Local\Temp\rust_mozprofile.ae7RqOKcLWmL
1534158328832	geckodriver::marionette	INFO	Starting browser C:\Program Files (x86)\Mozilla Firefox\firefox.exe with args []
1534158328855	geckodriver::marionette	INFO	Connecting to Marionette on localhost:62572
1534158335178	Marionette	INFO	Listening on port 62572
[GPU 8188] WARNING: pipe error: 109: file c:/builds/moz2_slave/m-rel-w32-00000000000000000000/build/src/ipc/chromium/src/chrome/common/ipc_channel_win.cc, line 346
1534158335768	Marionette	WARN	TLS certificate errors will be ignored for this session
[Child 11592] WARNING: pipe error: 109: file c:/builds/moz2_slave/m-rel-w32-00000000000000000000/build/src/ipc/chromium/src/chrome/common/ipc_channel_win.cc, line 346
[Child 11592] WARNING: pipe error: 109: file c:/builds/moz2_slave/m-rel-w32-00000000000000000000/build/src/ipc/chromium/src/chrome/common/ipc_channel_win.cc, line 346
[GPU 8188] WARNING: pipe error: 109: file c:/builds/moz2_slave/m-rel-w32-00000000000000000000/build/src/ipc/chromium/src/chrome/common/ipc_channel_win.cc, line 346

###!!! [Child][MessageChannel::SendAndWait] Error: Channel error: cannot send/recv

1534158679643	geckodriver	INFO	Listening on 127.0.0.1:55727
1534158680253	mozprofile::profile	INFO	Using profile path C:\Users\hdo1228\AppData\Local\Temp\rust_mozprofile.EawIRbh86fBz
1534158680283	geckodriver::marionette	INFO	Starting browser C:\Program Files (x86)\Mozilla Firefox\firefox.exe with args []
1534158680304	geckodriver::marionette	INFO	Connecting to Marionette on localhost:55732
1534158684487	Marionette	INFO	Listening on port 55732
[GPU 1076] WARNING: pipe error: 109: file c:/builds/moz2_slave/m-rel-w32-00000000000000000000/build/src/ipc/chromium/src/chrome/common/ipc_channel_win.cc, line 346
1534158684534	Marionette	WARN	TLS certificate errors will be ignored for this session
[GPU 1076] WARNING: pipe error: 109: file c:/builds/moz2_slave/m-rel-w32-00000000000000000000/build/src/ipc/chromium/src/chrome/common/ipc_channel_win.cc, line 346
[Child 13044] WARNING: pipe error: 109: file c:/builds/moz2_slave/m-rel-w32-00000000000000000000/build/src/ipc/chromium/src/chrome/common/ipc_channel_win.cc, line 346

###!!! [Child][MessageChannel::SendAndWait] Error: Channel error: cannot send/recv

1534158814884	geckodriver	INFO	Listening on 127.0.0.1:55815
1534158815512	mozprofile::profile	INFO	Using profile path C:\Users\hdo1228\AppData\Local\Temp\rust_mozprofile.fjsg6tCTLMSz
1534158815544	geckodriver::marionette	INFO	Starting browser C:\Program Files (x86)\Mozilla Firefox\firefox.exe with args []
1534158815564	geckodriver::marionette	INFO	Connecting to Marionette on localhost:55820
1534158820369	Marionette	INFO	Listening on port 55820
[GPU 12360] WARNING: pipe error: 109: file c:/builds/moz2_slave/m-rel-w32-00000000000000000000/build/src/ipc/chromium/src/chrome/common/ipc_channel_win.cc, line 346
1534158820775	Marionette	WARN	TLS certificate errors will be ignored for this session
1534158829096	Marionette	INFO	New connections will no longer be accepted
1534158857416	geckodriver	INFO	Listening on 127.0.0.1:55863
1534158858015	mozprofile::profile	INFO	Using profile path C:\Users\hdo1228\AppData\Local\Temp\rust_mozprofile.BNifZ34Do6SL
1534158858046	geckodriver::marionette	INFO	Starting browser C:\Program Files (x86)\Mozilla Firefox\firefox.exe with args []
1534158858065	geckodriver::marionette	INFO	Connecting to Marionette on localhost:55868
1534158862573	Marionette	INFO	Listening on port 55868
[GPU 7464] WARNING: pipe error: 109: file c:/builds/moz2_slave/m-rel-w32-00000000000000000000/build/src/ipc/chromium/src/chrome/common/ipc_channel_win.cc, line 346
1534158862816	Marionette	WARN	TLS certificate errors will be ignored for this session
1534158872169	Marionette	INFO	New connections will no longer be accepted
1534158916622	geckodriver	INFO	Listening on 127.0.0.1:55916
1534158917235	mozprofile::profile	INFO	Using profile path C:\Users\hdo1228\AppData\Local\Temp\rust_mozprofile.WOggw8kJYN6q
1534158917267	geckodriver::marionette	INFO	Starting browser C:\Program Files (x86)\Mozilla Firefox\firefox.exe with args []
1534158917289	geckodriver::marionette	INFO	Connecting to Marionette on localhost:55921
1534158921665	Marionette	INFO	Listening on port 55921
[GPU 11860] WARNING: pipe error: 109: file c:/builds/moz2_slave/m-rel-w32-00000000000000000000/build/src/ipc/chromium/src/chrome/common/ipc_channel_win.cc, line 346
1534158922029	Marionette	WARN	TLS certificate errors will be ignored for this session
[GPU 11860] WARNING: pipe error: 109: file c:/builds/moz2_slave/m-rel-w32-00000000000000000000/build/src/ipc/chromium/src/chrome/common/ipc_channel_win.cc, line 346

###!!! [Child][MessageChannel::SendAndWait] Error: Channel error: cannot send/recv

1534159007445	geckodriver	INFO	Listening on 127.0.0.1:55979
1534159008089	mozprofile::profile	INFO	Using profile path C:\Users\hdo1228\AppData\Local\Temp\rust_mozprofile.JXx84AGNADEa
1534159008121	geckodriver::marionette	INFO	Starting browser C:\Program Files (x86)\Mozilla Firefox\firefox.exe with args []
1534159008141	geckodriver::marionette	INFO	Connecting to Marionette on localhost:55984
1534159013104	Marionette	INFO	Listening on port 55984
[GPU 7992] WARNING: pipe error: 109: file c:/builds/moz2_slave/m-rel-w32-00000000000000000000/build/src/ipc/chromium/src/chrome/common/ipc_channel_win.cc, line 346
1534159013359	Marionette	WARN	TLS certificate errors will be ignored for this session
[GPU 7992] WARNING: pipe error: 109: file c:/builds/moz2_slave/m-rel-w32-00000000000000000000/build/src/ipc/chromium/src/chrome/common/ipc_channel_win.cc, line 346

###!!! [Child][MessageChannel] Error: (msgtype=0x4400A8,name=PContent::Msg_ConsoleMessage) Channel closing: too late to send/recv, messages will be lost

[Child 12832] WARNING: pipe error: 109: file c:/builds/moz2_slave/m-rel-w32-00000000000000000000/build/src/ipc/chromium/src/chrome/common/ipc_channel_win.cc, line 346

###!!! [Child][MessageChannel::SendAndWait] Error: Channel error: cannot send/recv

ommon/ipc_channel_win.cc, line 346
1534159284704	Marionette	WARN	TLS certificate errors will be ignored for this session
1534159305639	geckodriver	INFO	Listening on 127.0.0.1:56094
1534159306264	mozprofile::profile	INFO	Using profile path C:\Users\hdo1228\AppData\Local\Temp\rust_mozprofile.F7mSBWORhOT8
1534159306295	geckodriver::marionette	INFO	Starting browser C:\Program Files (x86)\Mozilla Firefox\firefox.exe with args []
1534159306315	geckodriver::marionette	INFO	Connecting to Marionette on localhost:56099
1534159311114	Marionette	INFO	Listening on port 56099
[GPU 11712] WARNING: pipe error: 109: file c:/builds/moz2_slave/m-rel-w32-00000000000000000000/build/src/ipc/chromium/src/chrome/common/ipc_channel_win.cc, line 346
1534159311585	Marionette	WARN	TLS certificate errors will be ignored for this session
[GPU 11712] WARNING: pipe error: 109: file c:/builds/moz2_slave/m-rel-w32-00000000000000000000/build/src/ipc/chromium/src/chrome/common/ipc_channel_win.cc, line 346
[Child 12248] WARNING: pipe error: 109: file c:/builds/moz2_slave/m-rel-w32-00000000000000000000/build/src/ipc/chromium/src/chrome/common/ipc_channel_win.cc, line 346
[Child 12248] WARNING: pipe error: 109: file c:/builds/moz2_slave/m-rel-w32-00000000000000000000/build/src/ipc/chromium/src/chrome/common/ipc_channel_win.cc, line 346
1534159427429	geckodriver	INFO	Listening on 127.0.0.1:56233
1534159427610	mozprofile::profile	INFO	Using profile path C:\Users\hdo1228\AppData\Local\Temp\rust_mozprofile.5awdlJgGAQhX
1534159427646	geckodriver::marionette	INFO	Starting browser C:\Program Files (x86)\Mozilla Firefox\firefox.exe with args []
1534159427666	geckodriver::marionette	INFO	Connecting to Marionette on localhost:56238
1534159431889	Marionette	INFO	Listening on port 56238
[GPU 6764] WARNING: pipe error: 109: file c:/builds/moz2_slave/m-rel-w32-00000000000000000000/build/src/ipc/chromium/src/chrome/common/ipc_channel_win.cc, line 346
1534159432405	Marionette	WARN	TLS certificate errors will be ignored for this session
JavaScript error: http://20tvni1sjxyh352kld2lslvc.wpengine.netdna-cdn.com/wp-content/themes/dt-the7/js/above-the-fold.min.js?ver=3.8.1, line 1: TypeError: jQuery.browser is undefined
JavaScript error: http://20tvni1sjxyh352kld2lslvc.wpengine.netdna-cdn.com/wp-content/themes/dt-the7/js/main.min.js?ver=3.8.1, line 7: TypeError: t.browser is undefined
JavaScript error: http://20tvni1sjxyh352kld2lslvc.wpengine.netdna-cdn.com/wp-content/plugins/convertplug/modules/info_bar/assets/js/info_bar.min.js?ver=4.8.7, line 1: TypeError: jQuery.browser is undefined
[GPU 6764] WARNING: pipe error: 109: file c:/builds/moz2_slave/m-rel-w32-00000000000000000000/build/src/ipc/chromium/src/chrome/common/ipc_channel_win.cc, line 346
[Child 5208] WARNING: pipe error: 109: file c:/builds/moz2_slave/m-rel-w32-00000000000000000000/build/src/ipc/chromium/src/chrome/common/ipc_channel_win.cc, line 346

###!!! [Child][MessageChannel::SendAndWait] Error: Channel error: cannot send/recv

1534159593952	geckodriver	INFO	Listening on 127.0.0.1:56377
1534159594527	mozprofile::profile	INFO	Using profile path C:\Users\hdo1228\AppData\Local\Temp\rust_mozprofile.YIBijmvpWyMJ
1534159594558	geckodriver::marionette	INFO	Starting browser C:\Program Files (x86)\Mozilla Firefox\firefox.exe with args []
1534159594595	geckodriver::marionette	INFO	Connecting to Marionette on localhost:56382
1534159600782	Marionette	INFO	Listening on port 56382
1534159600900	Marionette	WARN	TLS certificate errors will be ignored for this session
JavaScript error: http://20tvni1sjxyh352kld2lslvc.wpengine.netdna-cdn.com/wp-content/themes/dt-the7/js/above-the-fold.min.js?ver=3.8.1, line 1: TypeError: jQuery.browser is undefined
JavaScript error: http://20tvni1sjxyh352kld2lslvc.wpengine.netdna-cdn.com/wp-content/themes/dt-the7/js/main.min.js?ver=3.8.1, line 7: TypeError: t.browser is undefined
JavaScript error: http://20tvni1sjxyh352kld2lslvc.wpengine.netdna-cdn.com/wp-content/plugins/convertplug/modules/info_bar/assets/js/info_bar.min.js?ver=4.8.7, line 1: TypeError: jQuery.browser is undefined
1534159610294	Marionette	INFO	New connections will no longer be accepted
1534159641478	geckodriver	INFO	Listening on 127.0.0.1:56514
1534159642091	mozprofile::profile	INFO	Using profile path C:\Users\hdo1228\AppData\Local\Temp\rust_mozprofile.vgcVXSvlpuTf
1534159642121	geckodriver::marionette	INFO	Starting browser C:\Program Files (x86)\Mozilla Firefox\firefox.exe with args []
1534159642142	geckodriver::marionette	INFO	Connecting to Marionette on localhost:56519
1534159646721	Marionette	INFO	Listening on port 56519
[GPU 4660] WARNING: pipe error: 109: file c:/builds/moz2_slave/m-rel-w32-00000000000000000000/build/src/ipc/chromium/src/chrome/common/ipc_channel_win.cc, line 346
1534159646929	Marionette	WARN	TLS certificate errors will be ignored for this session
JavaScript error: http://20tvni1sjxyh352kld2lslvc.wpengine.netdna-cdn.com/wp-content/themes/dt-the7/js/above-the-fold.min.js?ver=3.8.1, line 1: TypeError: jQuery.browser is undefined
JavaScript error: http://20tvni1sjxyh352kld2lslvc.wpengine.netdna-cdn.com/wp-content/themes/dt-the7/js/main.min.js?ver=3.8.1, line 7: TypeError: t.browser is undefined
JavaScript error: http://20tvni1sjxyh352kld2lslvc.wpengine.netdna-cdn.com/wp-content/plugins/convertplug/modules/info_bar/assets/js/info_bar.min.js?ver=4.8.7, line 1: TypeError: jQuery.browser is undefined
[GPU 4660] WARNING: pipe error: 109: file c:/builds/moz2_slave/m-rel-w32-00000000000000000000/build/src/ipc/chromium/src/chrome/common/ipc_channel_win.cc, line 346
[Child 10760] WARNING: pipe error: 109: file c:/builds/moz2_slave/m-rel-w32-00000000000000000000/build/src/ipc/chromium/src/chrome/common/ipc_channel_win.cc, line 346

###!!! [Child][MessageChannel::SendAndWait] Error: Channel error: cannot send/recv

FO	Listening on port 56615
[GPU 12972] WARNING: pipe error: 109: file c:/builds/moz2_slave/m-rel-w32-00000000000000000000/build/src/ipc/chromium/src/chrome/common/ipc_channel_win.cc, line 346
1534159701169	Marionette	WARN	TLS certificate errors will be ignored for this session
JavaScript error: http://20tvni1sjxyh352kld2lslvc.wpengine.netdna-cdn.com/wp-content/themes/dt-the7/js/above-the-fold.min.js?ver=3.8.1, line 1: TypeError: jQuery.browser is undefined
JavaScript error: http://20tvni1sjxyh352kld2lslvc.wpengine.netdna-cdn.com/wp-content/themes/dt-the7/js/main.min.js?ver=3.8.1, line 7: TypeError: t.browser is undefined
JavaScript error: http://20tvni1sjxyh352kld2lslvc.wpengine.netdna-cdn.com/wp-content/plugins/convertplug/modules/info_bar/assets/js/info_bar.min.js?ver=4.8.7, line 1: TypeError: jQuery.browser is undefined
[GPU 12972] WARNING: pipe error: 109: file c:/builds/moz2_slave/m-rel-w32-00000000000000000000/build/src/ipc/chromium/src/chrome/common/ipc_channel_win.cc, line 346
1534159949202	geckodriver	INFO	Listening on 127.0.0.1:56844
1534159949733	mozprofile::profile	INFO	Using profile path C:\Users\hdo1228\AppData\Local\Temp\rust_mozprofile.4HqVEQmmFnWE
1534159949768	geckodriver::marionette	INFO	Starting browser C:\Program Files (x86)\Mozilla Firefox\firefox.exe with args []
1534159949788	geckodriver::marionette	INFO	Connecting to Marionette on localhost:56849
1534159954865	Marionette	INFO	Listening on port 56849
[GPU 12332] WARNING: pipe error: 109: file c:/builds/moz2_slave/m-rel-w32-00000000000000000000/build/src/ipc/chromium/src/chrome/common/ipc_channel_win.cc, line 346
1534159955043	Marionette	WARN	TLS certificate errors will be ignored for this session
[Parent 11816] WARNING: pipe error: 109: file c:/builds/moz2_slave/m-rel-w32-00000000000000000000/build/src/ipc/chromium/src/chrome/common/ipc_channel_win.cc, line 346
[GPU 12332] WARNING: pipe error: 109: file c:/builds/moz2_slave/m-rel-w32-00000000000000000000/build/src/ipc/chromium/src/chrome/common/ipc_channel_win.cc, line 346
IPDL protocol error: Handler returned error code!

###!!! [Parent][DispatchAsyncMessage] Error: PLayerTransaction::Msg_ReleaseLayer Processing error: message was deserialized, but the handler returned false (indicating failure)


###!!! [Child][MessageChannel] Error: (msgtype=0x4400FA,name=PContent::Msg_AsyncMessage) Channel closing: too late to send/recv, messages will be lost

JavaScript error: chrome://global/content/process-content.js, line 71: NS_ERROR_UNEXPECTED: Component returned failure code: 0x8000ffff (NS_ERROR_UNEXPECTED) [nsIMessageSender.sendAsyncMessage]
[Child 11632] WARNING: pipe error: 109: file c:/builds/moz2_slave/m-rel-w32-00000000000000000000/build/src/ipc/chromium/src/chrome/common/ipc_channel_win.cc, line 346

###!!! [Child][MessageChannel] Error: (msgtype=0x4400FA,name=PContent::Msg_AsyncMessage) Channel closing: too late to send/recv, messages will be lost

JavaScript error: chrome://global/content/process-content.js, line 71: NS_ERROR_UNEXPECTED: Component returned failure code: 0x8000ffff (NS_ERROR_UNEXPECTED) [nsIMessageSender.sendAsyncMessage]

###!!! [Child][MessageChannel] Error: (msgtype=0x4400FA,name=PContent::Msg_AsyncMessage) Channel closing: too late to send/recv, messages will be lost

JavaScript error: chrome://global/content/process-content.js, line 71: NS_ERROR_UNEXPECTED: Component returned failure code: 0x8000ffff (NS_ERROR_UNEXPECTED) [nsIMessageSender.sendAsyncMessage]

###!!! [Child][MessageChannel] Error: (msgtype=0x4400FA,name=PContent::Msg_AsyncMessage) Channel closing: too late to send/recv, messages will be lost

JavaScript error: chrome://global/content/process-content.js, line 71: NS_ERROR_UNEXPECTED: Component returned failure code: 0x8000ffff (NS_ERROR_UNEXPECTED) [nsIMessageSender.sendAsyncMessage]

###!!! [Child][MessageChannel] Error: (msgtype=0x4400FA,name=PContent::Msg_AsyncMessage) Channel closing: too late to send/recv, messages will be lost

JavaScript error: chrome://global/content/process-content.js, line 71: NS_ERROR_UNEXPECTED: Component returned failure code: 0x8000ffff (NS_ERROR_UNEXPECTED) [nsIMessageSender.sendAsyncMessage]

###!!! [Child][MessageChannel] Error: (msgtype=0x4400FA,name=PContent::Msg_AsyncMessage) Channel closing: too late to send/recv, messages will be lost

JavaScript error: chrome://global/content/process-content.js, line 71: NS_ERROR_UNEXPECTED: Component returned failure code: 0x8000ffff (NS_ERROR_UNEXPECTED) [nsIMessageSender.sendAsyncMessage]

###!!! [Child][MessageChannel] Error: (msgtype=0x4400FA,name=PContent::Msg_AsyncMessage) Channel closing: too late to send/recv, messages will be lost

JavaScript error: chrome://global/content/process-content.js, line 71: NS_ERROR_UNEXPECTED: Component returned failure code: 0x8000ffff (NS_ERROR_UNEXPECTED) [nsIMessageSender.sendAsyncMessage]

###!!! [Child][MessageChannel] Error: (msgtype=0x4400FA,name=PContent::Msg_AsyncMessage) Channel closing: too late to send/recv, messages will be lost

JavaScript error: chrome://global/content/process-content.js, line 71: NS_ERROR_UNEXPECTED: Component returned failure code: 0x8000ffff (NS_ERROR_UNEXPECTED) [nsIMessageSender.sendAsyncMessage]

###!!! [Child][MessageChannel] Error: (msgtype=0x4400FA,name=PContent::Msg_AsyncMessage) Channel closing: too late to send/recv, messages will be lost

JavaScript error: chrome://global/content/process-content.js, line 71: NS_ERROR_UNEXPECTED: Component returned failure code: 0x8000ffff (NS_ERROR_UNEXPECTED) [nsIMessageSender.sendAsyncMessage]

###!!! [Child][MessageChannel] Error: (msgtype=0x4400FA,name=PContent::Msg_AsyncMessage) Channel closing: too late to send/recv, messages will be lost

JavaScript error: chrome://global/content/process-content.js, line 71: NS_ERROR_UNEXPECTED: Component returned failure code: 0x8000ffff (NS_ERROR_UNEXPECTED) [nsIMessageSender.sendAsyncMessage]

###!!! [Child][MessageChannel] Error: (msgtype=0x4400FA,name=PContent::Msg_AsyncMessage) Channel closing: too late to send/recv, messages will be lost

JavaScript error: chrome://global/content/process-content.js, line 71: NS_ERROR_UNEXPECTED: Component returned failure code: 0x8000ffff (NS_ERROR_UNEXPECTED) [nsIMessageSender.sendAsyncMessage]

###!!! [Child][MessageChannel] Error: (msgtype=0x4400FA,name=PContent::Msg_AsyncMessage) Channel closing: too late to send/recv, messages will be lost

JavaScript error: chrome://global/content/process-content.js, line 71: NS_ERROR_UNEXPECTED: Component returned failure code: 0x8000ffff (NS_ERROR_UNEXPECTED) [nsIMessageSender.sendAsyncMessage]

###!!! [Child][MessageChannel] Error: (msgtype=0x4400FA,name=PContent::Msg_AsyncMessage) Channel closing: too late to send/recv, messages will be lost

JavaScript error: chrome://global/content/process-content.js, line 71: NS_ERROR_UNEXPECTED: Component returned failure code: 0x8000ffff (NS_ERROR_UNEXPECTED) [nsIMessageSender.sendAsyncMessage]

###!!! [Child][MessageChannel] Error: (msgtype=0x4400FA,name=PContent::Msg_AsyncMessage) Channel closing: too late to send/recv, messages will be lost

JavaScript error: chrome://global/content/process-content.js, line 71: NS_ERROR_UNEXPECTED: Component returned failure code: 0x8000ffff (NS_ERROR_UNEXPECTED) [nsIMessageSender.sendAsyncMessage]

###!!! [Child][MessageChannel] Error: (msgtype=0x4400FA,name=PContent::Msg_AsyncMessage) Channel closing: too late to send/recv, messages will be lost

JavaScript error: chrome://global/content/process-content.js, line 71: NS_ERROR_UNEXPECTED: Component returned failure code: 0x8000ffff (NS_ERROR_UNEXPECTED) [nsIMessageSender.sendAsyncMessage]

###!!! [Child][MessageChannel] Error: (msgtype=0x4400FA,name=PContent::Msg_AsyncMessage) Channel closing: too late to send/recv, messages will be lost

JavaScript error: chrome://global/content/process-content.js, line 71: NS_ERROR_UNEXPECTED: Component returned failure code: 0x8000ffff (NS_ERROR_UNEXPECTED) [nsIMessageSender.sendAsyncMessage]

###!!! [Child][MessageChannel] Error: (msgtype=0x4400FA,name=PContent::Msg_AsyncMessage) Channel closing: too late to send/recv, messages will be lost

JavaScript error: chrome://global/content/process-content.js, line 71: NS_ERROR_UNEXPECTED: Component returned failure code: 0x8000ffff (NS_ERROR_UNEXPECTED) [nsIMessageSender.sendAsyncMessage]

###!!! [Child][MessageChannel] Error: (msgtype=0x4400FA,name=PContent::Msg_AsyncMessage) Channel closing: too late to send/recv, messages will be lost

JavaScript error: chrome://global/content/process-content.js, line 71: NS_ERROR_UNEXPECTED: Component returned failure code: 0x8000ffff (NS_ERROR_UNEXPECTED) [nsIMessageSender.sendAsyncMessage]

###!!! [Child][MessageChannel] Error: (msgtype=0x4400FA,name=PContent::Msg_AsyncMessage) Channel closing: too late to send/recv, messages will be lost

JavaScript error: chrome://global/content/process-content.js, line 71: NS_ERROR_UNEXPECTED: Component returned failure code: 0x8000ffff (NS_ERROR_UNEXPECTED) [nsIMessageSender.sendAsyncMessage]

###!!! [Child][MessageChannel] Error: (msgtype=0x4400FA,name=PContent::Msg_AsyncMessage) Channel closing: too late to send/recv, messages will be lost

JavaScript error: chrome://global/content/process-content.js, line 71: NS_ERROR_UNEXPECTED: Component returned failure code: 0x8000ffff (NS_ERROR_UNEXPECTED) [nsIMessageSender.sendAsyncMessage]

###!!! [Child][MessageChannel] Error: (msgtype=0x4400FA,name=PContent::Msg_AsyncMessage) Channel closing: too late to send/recv, messages will be lost

JavaScript error: chrome://global/content/process-content.js, line 71: NS_ERROR_UNEXPECTED: Component returned failure code: 0x8000ffff (NS_ERROR_UNEXPECTED) [nsIMessageSender.sendAsyncMessage]

###!!! [Child][MessageChannel] Error: (msgtype=0x4400FA,name=PContent::Msg_AsyncMessage) Channel closing: too late to send/recv, messages will be lost

JavaScript error: chrome://global/content/process-content.js, line 71: NS_ERROR_UNEXPECTED: Component returned failure code: 0x8000ffff (NS_ERROR_UNEXPECTED) [nsIMessageSender.sendAsyncMessage]

###!!! [Child][MessageChannel] Error: (msgtype=0x4400FA,name=PContent::Msg_AsyncMessage) Channel closing: too late to send/recv, messages will be lost

JavaScript error: chrome://global/content/process-content.js, line 71: NS_ERROR_UNEXPECTED: Component returned failure code: 0x8000ffff (NS_ERROR_UNEXPECTED) [nsIMessageSender.sendAsyncMessage]

###!!! [Child][MessageChannel] Error: (msgtype=0x4400FA,name=PContent::Msg_AsyncMessage) Channel closing: too late to send/recv, messages will be lost

JavaScript error: chrome://global/content/process-content.js, line 71: NS_ERROR_UNEXPECTED: Component returned failure code: 0x8000ffff (NS_ERROR_UNEXPECTED) [nsIMessageSender.sendAsyncMessage]

###!!! [Child][MessageChannel] Error: (msgtype=0x4400FA,name=PContent::Msg_AsyncMessage) Channel closing: too late to send/recv, messages will be lost

JavaScript error: chrome://global/content/process-content.js, line 71: NS_ERROR_UNEXPECTED: Component returned failure code: 0x8000ffff (NS_ERROR_UNEXPECTED) [nsIMessageSender.sendAsyncMessage]

###!!! [Child][MessageChannel] Error: (msgtype=0x4400FA,name=PContent::Msg_AsyncMessage) Channel closing: too late to send/recv, messages will be lost

JavaScript error: chrome://global/content/process-content.js, line 71: NS_ERROR_UNEXPECTED: Component returned failure code: 0x8000ffff (NS_ERROR_UNEXPECTED) [nsIMessageSender.sendAsyncMessage]

###!!! [Child][MessageChannel] Error: (msgtype=0x4400FA,name=PContent::Msg_AsyncMessage) Channel closing: too late to send/recv, messages will be lost

JavaScript error: chrome://global/content/process-content.js, line 71: NS_ERROR_UNEXPECTED: Component returned failure code: 0x8000ffff (NS_ERROR_UNEXPECTED) [nsIMessageSender.sendAsyncMessage]

###!!! [Child][MessageChannel] Error: (msgtype=0x4400FA,name=PContent::Msg_AsyncMessage) Channel closing: too late to send/recv, messages will be lost

JavaScript error: chrome://global/content/process-content.js, line 71: NS_ERROR_UNEXPECTED: Component returned failure code: 0x8000ffff (NS_ERROR_UNEXPECTED) [nsIMessageSender.sendAsyncMessage]

###!!! [Child][MessageChannel] Error: (msgtype=0x4400FA,name=PContent::Msg_AsyncMessage) Channel closing: too late to send/recv, messages will be lost

JavaScript error: chrome://global/content/process-content.js, line 71: NS_ERROR_UNEXPECTED: Component returned failure code: 0x8000ffff (NS_ERROR_UNEXPECTED) [nsIMessageSender.sendAsyncMessage]

###!!! [Child][MessageChannel] Error: (msgtype=0x4400FA,name=PContent::Msg_AsyncMessage) Channel closing: too late to send/recv, messages will be lost

JavaScript error: chrome://global/content/process-content.js, line 71: NS_ERROR_UNEXPECTED: Component returned failure code: 0x8000ffff (NS_ERROR_UNEXPECTED) [nsIMessageSender.sendAsyncMessage]

###!!! [Child][MessageChannel] Error: (msgtype=0x4400FA,name=PContent::Msg_AsyncMessage) Channel closing: too late to send/recv, messages will be lost

JavaScript error: chrome://global/content/process-content.js, line 71: NS_ERROR_UNEXPECTED: Component returned failure code: 0x8000ffff (NS_ERROR_UNEXPECTED) [nsIMessageSender.sendAsyncMessage]

###!!! [Child][MessageChannel] Error: (msgtype=0x4400FA,name=PContent::Msg_AsyncMessage) Channel closing: too late to send/recv, messages will be lost

JavaScript error: chrome://global/content/process-content.js, line 71: NS_ERROR_UNEXPECTED: Component returned failure code: 0x8000ffff (NS_ERROR_UNEXPECTED) [nsIMessageSender.sendAsyncMessage]

###!!! [Child][MessageChannel] Error: (msgtype=0x4400FA,name=PContent::Msg_AsyncMessage) Channel closing: too late to send/recv, messages will be lost

JavaScript error: chrome://global/content/process-content.js, line 71: NS_ERROR_UNEXPECTED: Component returned failure code: 0x8000ffff (NS_ERROR_UNEXPECTED) [nsIMessageSender.sendAsyncMessage]

###!!! [Child][MessageChannel] Error: (msgtype=0x4400FA,name=PContent::Msg_AsyncMessage) Channel closing: too late to send/recv, messages will be lost

JavaScript error: chrome://global/content/process-content.js, line 71: NS_ERROR_UNEXPECTED: Component returned failure code: 0x8000ffff (NS_ERROR_UNEXPECTED) [nsIMessageSender.sendAsyncMessage]

###!!! [Child][MessageChannel] Error: (msgtype=0x4400FA,name=PContent::Msg_AsyncMessage) Channel closing: too late to send/recv, messages will be lost

JavaScript error: chrome://global/content/process-content.js, line 71: NS_ERROR_UNEXPECTED: Component returned failure code: 0x8000ffff (NS_ERROR_UNEXPECTED) [nsIMessageSender.sendAsyncMessage]

###!!! [Child][MessageChannel] Error: (msgtype=0x4400FA,name=PContent::Msg_AsyncMessage) Channel closing: too late to send/recv, messages will be lost

JavaScript error: chrome://global/content/process-content.js, line 71: NS_ERROR_UNEXPECTED: Component returned failure code: 0x8000ffff (NS_ERROR_UNEXPECTED) [nsIMessageSender.sendAsyncMessage]

###!!! [Child][MessageChannel] Error: (msgtype=0x4400FA,name=PContent::Msg_AsyncMessage) Channel closing: too late to send/recv, messages will be lost

JavaScript error: chrome://global/content/process-content.js, line 71: NS_ERROR_UNEXPECTED: Component returned failure code: 0x8000ffff (NS_ERROR_UNEXPECTED) [nsIMessageSender.sendAsyncMessage]

###!!! [Child][MessageChannel] Error: (msgtype=0x4400FA,name=PContent::Msg_AsyncMessage) Channel closing: too late to send/recv, messages will be lost

JavaScript error: chrome://global/content/process-content.js, line 71: NS_ERROR_UNEXPECTED: Component returned failure code: 0x8000ffff (NS_ERROR_UNEXPECTED) [nsIMessageSender.sendAsyncMessage]

###!!! [Child][MessageChannel] Error: (msgtype=0x4400FA,name=PContent::Msg_AsyncMessage) Channel closing: too late to send/recv, messages will be lost

JavaScript error: chrome://global/content/process-content.js, line 71: NS_ERROR_UNEXPECTED: Component returned failure code: 0x8000ffff (NS_ERROR_UNEXPECTED) [nsIMessageSender.sendAsyncMessage]

###!!! [Child][MessageChannel] Error: (msgtype=0x4400FA,name=PContent::Msg_AsyncMessage) Channel closing: too late to send/recv, messages will be lost

JavaScript error: chrome://global/content/process-content.js, line 71: NS_ERROR_UNEXPECTED: Component returned failure code: 0x8000ffff (NS_ERROR_UNEXPECTED) [nsIMessageSender.sendAsyncMessage]

###!!! [Child][MessageChannel] Error: (msgtype=0x4400FA,name=PContent::Msg_AsyncMessage) Channel closing: too late to send/recv, messages will be lost

JavaScript error: chrome://global/content/process-content.js, line 71: NS_ERROR_UNEXPECTED: Component returned failure code: 0x8000ffff (NS_ERROR_UNEXPECTED) [nsIMessageSender.sendAsyncMessage]

###!!! [Child][MessageChannel] Error: (msgtype=0x4400FA,name=PContent::Msg_AsyncMessage) Channel closing: too late to send/recv, messages will be lost

JavaScript error: chrome://global/content/process-content.js, line 71: NS_ERROR_UNEXPECTED: Component returned failure code: 0x8000ffff (NS_ERROR_UNEXPECTED) [nsIMessageSender.sendAsyncMessage]

###!!! [Child][MessageChannel] Error: (msgtype=0x4400FA,name=PContent::Msg_AsyncMessage) Channel closing: too late to send/recv, messages will be lost

JavaScript error: chrome://global/content/process-content.js, line 71: NS_ERROR_UNEXPECTED: Component returned failure code: 0x8000ffff (NS_ERROR_UNEXPECTED) [nsIMessageSender.sendAsyncMessage]

###!!! [Child][MessageChannel] Error: (msgtype=0x4400FA,name=PContent::Msg_AsyncMessage) Channel closing: too late to send/recv, messages will be lost

JavaScript error: chrome://global/content/process-content.js, line 71: NS_ERROR_UNEXPECTED: Component returned failure code: 0x8000ffff (NS_ERROR_UNEXPECTED) [nsIMessageSender.sendAsyncMessage]

###!!! [Child][MessageChannel] Error: (msgtype=0x4400FA,name=PContent::Msg_AsyncMessage) Channel closing: too late to send/recv, messages will be lost

JavaScript error: chrome://global/content/process-content.js, line 71: NS_ERROR_UNEXPECTED: Component returned failure code: 0x8000ffff (NS_ERROR_UNEXPECTED) [nsIMessageSender.sendAsyncMessage]

###!!! [Child][MessageChannel] Error: (msgtype=0x4400FA,name=PContent::Msg_AsyncMessage) Channel closing: too late to send/recv, messages will be lost

JavaScript error: chrome://global/content/process-content.js, line 71: NS_ERROR_UNEXPECTED: Component returned failure code: 0x8000ffff (NS_ERROR_UNEXPECTED) [nsIMessageSender.sendAsyncMessage]

###!!! [Child][MessageChannel] Error: (msgtype=0x4400FA,name=PContent::Msg_AsyncMessage) Channel closing: too late to send/recv, messages will be lost

JavaScript error: chrome://global/content/process-content.js, line 71: NS_ERROR_UNEXPECTED: Component returned failure code: 0x8000ffff (NS_ERROR_UNEXPECTED) [nsIMessageSender.sendAsyncMessage]

###!!! [Child][MessageChannel] Error: (msgtype=0x4400FA,name=PContent::Msg_AsyncMessage) Channel closing: too late to send/recv, messages will be lost

JavaScript error: chrome://global/content/process-content.js, line 71: NS_ERROR_UNEXPECTED: Component returned failure code: 0x8000ffff (NS_ERROR_UNEXPECTED) [nsIMessageSender.sendAsyncMessage]

###!!! [Child][MessageChannel] Error: (msgtype=0x4400FA,name=PContent::Msg_AsyncMessage) Channel closing: too late to send/recv, messages will be lost

JavaScript error: chrome://global/content/process-content.js, line 71: NS_ERROR_UNEXPECTED: Component returned failure code: 0x8000ffff (NS_ERROR_UNEXPECTED) [nsIMessageSender.sendAsyncMessage]

###!!! [Child][MessageChannel] Error: (msgtype=0x4400FA,name=PContent::Msg_AsyncMessage) Channel closing: too late to send/recv, messages will be lost

JavaScript error: chrome://global/content/process-content.js, line 71: NS_ERROR_UNEXPECTED: Component returned failure code: 0x8000ffff (NS_ERROR_UNEXPECTED) [nsIMessageSender.sendAsyncMessage]

###!!! [Child][MessageChannel] Error: (msgtype=0x2C0048,name=PBrowser::Msg___delete__) Channel closing: too late to send/recv, messages will be lost


###!!! [Child][RunMessage] Error: Channel closing: too late to send/recv, messages will be lost


###!!! [Child][MessageChannel] Error: (msgtype=0x4400A8,name=PContent::Msg_ConsoleMessage) Channel closing: too late to send/recv, messages will be lost

[Parent 11816] WARNING: pipe error: 232: file c:/builds/moz2_slave/m-rel-w32-00000000000000000000/build/src/ipc/chromium/src/chrome/common/ipc_channel_win.cc, line 513

###!!! [Child][MessageChannel::SendAndWait] Error: Channel error: cannot send/recv

1534160318664	geckodriver	INFO	Listening on 127.0.0.1:57729
1534160319182	mozprofile::profile	INFO	Using profile path C:\Users\hdo1228\AppData\Local\Temp\rust_mozprofile.eOzoWCJfT1h9
1534160319213	geckodriver::marionette	INFO	Starting browser C:\Program Files (x86)\Mozilla Firefox\firefox.exe with args []
1534160319233	geckodriver::marionette	INFO	Connecting to Marionette on localhost:57734
1534160324017	Marionette	INFO	Listening on port 57734
1534160324584	Marionette	WARN	TLS certificate errors will be ignored for this session
JavaScript warning: https://www.googletagmanager.com/gtag/js?id=UA-55961911-1, line 69: unreachable code after return statement
JavaScript warning: https://www.googletagmanager.com/gtag/js?id=UA-55961911-1, line 69: unreachable code after return statement
[Child 12824] WARNING: pipe error: 109: file c:/builds/moz2_slave/m-rel-w32-00000000000000000000/build/src/ipc/chromium/src/chrome/common/ipc_channel_win.cc, line 346
e.uQc65vPZds7X
1534160372106	geckodriver::marionette	INFO	Starting browser C:\Program Files (x86)\Mozilla Firefox\firefox.exe with args []
1534160372127	geckodriver::marionette	INFO	Connecting to Marionette on localhost:57817
1534160376329	Marionette	INFO	Listening on port 57817
[GPU 13908] WARNING: pipe error: 109: file c:/builds/moz2_slave/m-rel-w32-00000000000000000000/build/src/ipc/chromium/src/chrome/common/ipc_channel_win.cc, line 346
1534160376360	Marionette	WARN	TLS certificate errors will be ignored for this session
JavaScript warning: https://www.googletagmanager.com/gtag/js?id=UA-55961911-1, line 69: unreachable code after return statement
JavaScript warning: https://www.googletagmanager.com/gtag/js?id=UA-55961911-1, line 69: unreachable code after return statement
[GPU 13908] WARNING: pipe error: 109: file c:/builds/moz2_slave/m-rel-w32-00000000000000000000/build/src/ipc/chromium/src/chrome/common/ipc_channel_win.cc, line 346
[Child 11980] WARNING: pipe error: 109: file c:/builds/moz2_slave/m-rel-w32-00000000000000000000/build/src/ipc/chromium/src/chrome/common/ipc_channel_win.cc, line 346
[Child 11980] WARNING: pipe error: 109: file c:/builds/moz2_slave/m-rel-w32-00000000000000000000/build/src/ipc/chromium/src/chrome/common/ipc_channel_win.cc, line 346

###!!! [Child][MessageChannel::SendAndWait] Error: Channel error: cannot send/recv

1534160413820	geckodriver	INFO	Listening on 127.0.0.1:57902
1534160414438	mozprofile::profile	INFO	Using profile path C:\Users\hdo1228\AppData\Local\Temp\rust_mozprofile.L8b5doWz6CKV
1534160414469	geckodriver::marionette	INFO	Starting browser C:\Program Files (x86)\Mozilla Firefox\firefox.exe with args []
1534160414489	geckodriver::marionette	INFO	Connecting to Marionette on localhost:57907
1534160419205	Marionette	INFO	Listening on port 57907
1534160419700	Marionette	WARN	TLS certificate errors will be ignored for this session
JavaScript warning: https://www.googletagmanager.com/gtag/js?id=UA-55961911-1, line 69: unreachable code after return statement
JavaScript warning: https://www.googletagmanager.com/gtag/js?id=UA-55961911-1, line 69: unreachable code after return statement
JavaScript warning: https://www.googletagmanager.com/gtag/js?id=UA-36116321-2&l=dataLayer, line 69: unreachable code after return statement
JavaScript warning: https://www.googletagmanager.com/gtag/js?id=UA-36116321-2&l=dataLayer, line 69: unreachable code after return statement
[GPU 13084] WARNING: pipe error: 109: file c:/builds/moz2_slave/m-rel-w32-00000000000000000000/build/src/ipc/chromium/src/chrome/common/ipc_channel_win.cc, line 346
[GPU 13084] WARNING: pipe error: 109: file c:/builds/moz2_slave/m-rel-w32-00000000000000000000/build/src/ipc/chromium/src/chrome/common/ipc_channel_win.cc, line 346

###!!! [Child][MessageChannel::SendAndWait] Error: Channel error: cannot send/recv

NFO	Listening on port 58151
[GPU 13856] WARNING: pipe error: 109: file c:/builds/moz2_slave/m-rel-w32-00000000000000000000/build/src/ipc/chromium/src/chrome/common/ipc_channel_win.cc, line 346
1534160671251	Marionette	WARN	TLS certificate errors will be ignored for this session
JavaScript warning: https://www.googletagmanager.com/gtag/js?id=UA-55961911-1, line 69: unreachable code after return statement
JavaScript warning: https://www.googletagmanager.com/gtag/js?id=UA-55961911-1, line 69: unreachable code after return statement
[GPU 13856] WARNING: pipe error: 109: file c:/builds/moz2_slave/m-rel-w32-00000000000000000000/build/src/ipc/chromium/src/chrome/common/ipc_channel_win.cc, line 346

###!!! [Child][MessageChannel::SendAndWait] Error: Channel error: cannot send/recv

Files (x86)\Mozilla Firefox\firefox.exe with args []
1534160682399	geckodriver::marionette	INFO	Connecting to Marionette on localhost:58233
1534160688471	Marionette	INFO	Listening on port 58233
[GPU 12332] WARNING: pipe error: 109: file c:/builds/moz2_slave/m-rel-w32-00000000000000000000/build/src/ipc/chromium/src/chrome/common/ipc_channel_win.cc, line 346
1534160688784	Marionette	WARN	TLS certificate errors will be ignored for this session
JavaScript warning: https://www.googletagmanager.com/gtag/js?id=UA-55961911-1, line 69: unreachable code after return statement
JavaScript warning: https://www.googletagmanager.com/gtag/js?id=UA-55961911-1, line 69: unreachable code after return statement
[Child 13492] WARNING: pipe error: 109: file c:/builds/moz2_slave/m-rel-w32-00000000000000000000/build/src/ipc/chromium/src/chrome/common/ipc_channel_win.cc, line 346

###!!! [Child][RunMessage] Error: Channel closing: too late to send/recv, messages will be lost

1534161251539	geckodriver	INFO	geckodriver 0.20.0 (0ac3698a74a7b1a742682b8e704f1f418df827ed 2018-03-13)
1534161251556	geckodriver	INFO	Listening on 127.0.0.1:58491
1534161252667	mozrunner::runner	INFO	Running command: "C:\\Program Files (x86)\\Mozilla Firefox\\firefox.exe" "-marionette" "-profile" "C:\\Users\\hdo1228\\AppData\\Local\\Temp\\rust_mozprofile.KqQ55Ne1Sjj2"
1534161258470	Marionette	INFO	Listening on port 2828
[GPU 9768] WARNING: pipe error: 109: file c:/builds/moz2_slave/m-rel-w32-00000000000000000000/build/src/ipc/chromium/src/chrome/common/ipc_channel_win.cc, line 346
1534161316760	geckodriver	INFO	geckodriver 0.20.1
1534161316774	geckodriver	INFO	Listening on 127.0.0.1:58577
1534161317207	mozrunner::runner	INFO	Running command: "C:\\Program Files (x86)\\Mozilla Firefox\\firefox.exe" "-marionette" "-profile" "C:\\Users\\hdo1228\\AppData\\Local\\Temp\\rust_mozprofile.1ZZ2LxU1lEWC"
1534161321649	Marionette	INFO	Listening on port 2828
[GPU 13188] WARNING: pipe error: 109: file c:/builds/moz2_slave/m-rel-w32-00000000000000000000/build/src/ipc/chromium/src/chrome/common/ipc_channel_win.cc, line 346
[GPU 13188] WARNING: pipe error: 109: file c:/builds/moz2_slave/m-rel-w32-00000000000000000000/build/src/ipc/chromium/src/chrome/common/ipc_channel_win.cc, line 346
[Child 8932] WARNING: pipe error: 109: file c:/builds/moz2_slave/m-rel-w32-00000000000000000000/build/src/ipc/chromium/src/chrome/common/ipc_channel_win.cc, line 346
[Child 8932] WARNING: pipe error: 109: file c:/builds/moz2_slave/m-rel-w32-00000000000000000000/build/src/ipc/chromium/src/chrome/common/ipc_channel_win.cc, line 346
1534161345977	geckodriver	INFO	Listening on 127.0.0.1:58615
1534161346524	mozprofile::profile	INFO	Using profile path C:\Users\hdo1228\AppData\Local\Temp\rust_mozprofile.bx8JgwhtdNgu
1534161346555	geckodriver::marionette	INFO	Starting browser C:\Program Files (x86)\Mozilla Firefox\firefox.exe with args []
1534161346575	geckodriver::marionette	INFO	Connecting to Marionette on localhost:58620
1534161351308	Marionette	INFO	Listening on port 58620
[GPU 13640] WARNING: pipe error: 109: file c:/builds/moz2_slave/m-rel-w32-00000000000000000000/build/src/ipc/chromium/src/chrome/common/ipc_channel_win.cc, line 346
1534161351790	Marionette	WARN	TLS certificate errors will be ignored for this session
JavaScript warning: https://www.googletagmanager.com/gtag/js?id=UA-55961911-1, line 69: unreachable code after return statement
JavaScript warning: https://www.googletagmanager.com/gtag/js?id=UA-55961911-1, line 69: unreachable code after return statement
[GPU 13640] WARNING: pipe error: 109: file c:/builds/moz2_slave/m-rel-w32-00000000000000000000/build/src/ipc/chromium/src/chrome/common/ipc_channel_win.cc, line 346
[Child 12012] WARNING: pipe error: 109: file c:/builds/moz2_slave/m-rel-w32-00000000000000000000/build/src/ipc/chromium/src/chrome/common/ipc_channel_win.cc, line 346
1534161472876	geckodriver	INFO	Listening on 127.0.0.1:58719
1534161473491	mozprofile::profile	INFO	Using profile path C:\Users\hdo1228\AppData\Local\Temp\rust_mozprofile.HUXPRH8XCABY
1534161473522	geckodriver::marionette	INFO	Starting browser C:\Program Files (x86)\Mozilla Firefox\firefox.exe with args []
1534161473543	geckodriver::marionette	INFO	Connecting to Marionette on localhost:58724
1534161478260	Marionette	INFO	Listening on port 58724
[GPU 11348] WARNING: pipe error: 109: file c:/builds/moz2_slave/m-rel-w32-00000000000000000000/build/src/ipc/chromium/src/chrome/common/ipc_channel_win.cc, line 346
1534161478759	Marionette	WARN	TLS certificate errors will be ignored for this session
JavaScript warning: https://www.googletagmanager.com/gtag/js?id=UA-55961911-1, line 69: unreachable code after return statement
JavaScript warning: https://www.googletagmanager.com/gtag/js?id=UA-55961911-1, line 69: unreachable code after return statement
1534161480843	Marionette	INFO	New connections will no longer be accepted
[Child 10504] WARNING: pipe error: 232: file c:/builds/moz2_slave/m-rel-w32-00000000000000000000/build/src/ipc/chromium/src/chrome/common/ipc_channel_win.cc, line 513

###!!! [Parent][MessageChannel] Error: (msgtype=0x40000B,name=PCompositorWidget::Msg_UnobserveVsync) Channel error: cannot send/recv

1534161514141	geckodriver	INFO	Listening on 127.0.0.1:58768
1534161514754	mozprofile::profile	INFO	Using profile path C:\Users\hdo1228\AppData\Local\Temp\rust_mozprofile.EE5daK1G9gpO
1534161514786	geckodriver::marionette	INFO	Starting browser C:\Program Files (x86)\Mozilla Firefox\firefox.exe with args []
1534161514807	geckodriver::marionette	INFO	Connecting to Marionette on localhost:58773
1534161519461	Marionette	INFO	Listening on port 58773
1534161519553	Marionette	WARN	TLS certificate errors will be ignored for this session
JavaScript warning: https://www.googletagmanager.com/gtag/js?id=UA-55961911-1, line 69: unreachable code after return statement
JavaScript warning: https://www.googletagmanager.com/gtag/js?id=UA-55961911-1, line 69: unreachable code after return statement
1534161521708	Marionette	INFO	New connections will no longer be accepted
1534161718018	geckodriver	INFO	Listening on 127.0.0.1:58842
1534161718643	mozprofile::profile	INFO	Using profile path C:\Users\hdo1228\AppData\Local\Temp\rust_mozprofile.BsheekyW3W2j
1534161718678	geckodriver::marionette	INFO	Starting browser C:\Program Files (x86)\Mozilla Firefox\firefox.exe with args []
1534161718699	geckodriver::marionette	INFO	Connecting to Marionette on localhost:58847
1534161723555	Marionette	INFO	Listening on port 58847
1534161723929	Marionette	WARN	TLS certificate errors will be ignored for this session
JavaScript warning: https://www.googletagmanager.com/gtag/js?id=UA-55961911-1, line 69: unreachable code after return statement
JavaScript warning: https://www.googletagmanager.com/gtag/js?id=UA-55961911-1, line 69: unreachable code after return statement
JavaScript warning: https://www.googletagmanager.com/gtag/js?id=UA-55961911-1, line 69: unreachable code after return statement
JavaScript warning: https://www.googletagmanager.com/gtag/js?id=UA-55961911-1, line 69: unreachable code after return statement
1534161743065	Marionette	INFO	New connections will no longer be accepted
1534161797460	geckodriver	INFO	Listening on 127.0.0.1:58953
1534161798062	mozprofile::profile	INFO	Using profile path C:\Users\hdo1228\AppData\Local\Temp\rust_mozprofile.3uI0kqABDiFZ
1534161798093	geckodriver::marionette	INFO	Starting browser C:\Program Files (x86)\Mozilla Firefox\firefox.exe with args []
1534161798113	geckodriver::marionette	INFO	Connecting to Marionette on localhost:58958
1534161802333	Marionette	INFO	Listening on port 58958
[GPU 13728] WARNING: pipe error: 109: file c:/builds/moz2_slave/m-rel-w32-00000000000000000000/build/src/ipc/chromium/src/chrome/common/ipc_channel_win.cc, line 346
1534161802452	Marionette	WARN	TLS certificate errors will be ignored for this session
JavaScript warning: https://www.googletagmanager.com/gtag/js?id=UA-55961911-1, line 69: unreachable code after return statement
JavaScript warning: https://www.googletagmanager.com/gtag/js?id=UA-55961911-1, line 69: unreachable code after return statement
JavaScript warning: https://www.googletagmanager.com/gtag/js?id=UA-55961911-1, line 69: unreachable code after return statement
JavaScript warning: https://www.googletagmanager.com/gtag/js?id=UA-55961911-1, line 69: unreachable code after return statement
1534161821855	Marionette	INFO	New connections will no longer be accepted
1534161964203	geckodriver	INFO	Listening on 127.0.0.1:59051
1534161964778	mozprofile::profile	INFO	Using profile path C:\Users\hdo1228\AppData\Local\Temp\rust_mozprofile.r9DpjZ53MQIy
1534161964811	geckodriver::marionette	INFO	Starting browser C:\Program Files (x86)\Mozilla Firefox\firefox.exe with args []
1534161964830	geckodriver::marionette	INFO	Connecting to Marionette on localhost:59056
1534161969244	Marionette	INFO	Listening on port 59056
1534161969552	Marionette	WARN	TLS certificate errors will be ignored for this session
JavaScript warning: https://www.googletagmanager.com/gtag/js?id=UA-55961911-1, line 69: unreachable code after return statement
JavaScript warning: https://www.googletagmanager.com/gtag/js?id=UA-55961911-1, line 69: unreachable code after return statement
JavaScript error: resource://gre/modules/addons/XPIProvider.jsm, line 1617: NS_ERROR_FILE_NOT_FOUND: Component returned failure code: 0x80520012 (NS_ERROR_FILE_NOT_FOUND) [nsIFile.isDirectory]
[GPU 12484] WARNING: pipe error: 109: file c:/builds/moz2_slave/m-rel-w32-00000000000000000000/build/src/ipc/chromium/src/chrome/common/ipc_channel_win.cc, line 346
[GPU 12484] WARNING: pipe error: 109: file c:/builds/moz2_slave/m-rel-w32-00000000000000000000/build/src/ipc/chromium/src/chrome/common/ipc_channel_win.cc, line 346
[GPU 12484] WARNING: pipe error: 109: file c:/builds/moz2_slave/m-rel-w32-00000000000000000000/build/src/ipc/chromium/src/chrome/common/ipc_channel_win.cc, line 346

###!!! [Child][MessageChannel::SendAndWait] Error: Channel error: cannot send/recv

1534162220096	geckodriver	INFO	Listening on 127.0.0.1:59400
1534162220629	mozprofile::profile	INFO	Using profile path C:\Users\hdo1228\AppData\Local\Temp\rust_mozprofile.b6xbssUpOSrF
1534162220662	geckodriver::marionette	INFO	Starting browser C:\Program Files (x86)\Mozilla Firefox\firefox.exe with args []
1534162220688	geckodriver::marionette	INFO	Connecting to Marionette on localhost:59406
1534162220970	addons.xpi	WARN	Error parsing extensions state: [Exception... "Component returned failure code: 0x80520012 (NS_ERROR_FILE_NOT_FOUND) [amIAddonManagerStartup.readStartupData]"  nsresult: "0x80520012 (NS_ERROR_FILE_NOT_FOUND)"  location: "JS frame :: resource://gre/modules/addons/XPIProvider.jsm :: loadExtensionState :: line 1554"  data: no] Stack trace: loadExtensionState()@resource://gre/modules/addons/XPIProvider.jsm:1554 < getInstallState()@resource://gre/modules/addons/XPIProvider.jsm:1589 < checkForChanges()@resource://gre/modules/addons/XPIProvider.jsm:3109 < startup()@resource://gre/modules/addons/XPIProvider.jsm:2188 < callProvider()@resource://gre/modules/AddonManager.jsm:269 < _startProvider()@resource://gre/modules/AddonManager.jsm:739 < startup()@resource://gre/modules/AddonManager.jsm:906 < startup()@resource://gre/modules/AddonManager.jsm:3090 < observe()@jar:file:///C:/Program%20Files%20(x86)/Mozilla%20Firefox/omni.ja!/components/addonManager.js:65
[Parent 12764] WARNING: pipe error: 109: file z:/build/build/src/ipc/chromium/src/chrome/common/ipc_channel_win.cc, line 346
[Child 12772] WARNING: pipe error: 109: file z:/build/build/src/ipc/chromium/src/chrome/common/ipc_channel_win.cc, line 346
[Child 12772] WARNING: pipe error: 109: file z:/build/build/src/ipc/chromium/src/chrome/common/ipc_channel_win.cc, line 346
[Child 13620] WARNING: pipe error: 109: file z:/build/build/src/ipc/chromium/src/chrome/common/ipc_channel_win.cc, line 346
[Child 11596] WARNING: pipe error: 109: file z:/build/build/src/ipc/chromium/src/chrome/common/ipc_channel_win.cc, line 346
*** UTM:SVC TimerManager:registerTimer called after profile-before-change notification. Ignoring timer registration for id: telemetry_modules_ping
[GPU 7268] WARNING: pipe error: 109: file z:/build/build/src/ipc/chromium/src/chrome/common/ipc_channel_win.cc, line 346

###!!! [Child][MessageChannel::SendAndWait] Error: Channel error: cannot send/recv

1534162278304	geckodriver	INFO	geckodriver 0.20.0 (0ac3698a74a7b1a742682b8e704f1f418df827ed 2018-03-13)
1534162278319	geckodriver	INFO	Listening on 127.0.0.1:59546
1534162278871	mozrunner::runner	INFO	Running command: "C:\\Program Files (x86)\\Mozilla Firefox\\firefox.exe" "-marionette" "-profile" "C:\\Users\\hdo1228\\AppData\\Local\\Temp\\rust_mozprofile.nEuIZpEsDYrJ"
1534162279338	addons.xpi	WARN	Error parsing extensions state: [Exception... "Component returned failure code: 0x80520012 (NS_ERROR_FILE_NOT_FOUND) [amIAddonManagerStartup.readStartupData]"  nsresult: "0x80520012 (NS_ERROR_FILE_NOT_FOUND)"  location: "JS frame :: resource://gre/modules/addons/XPIProvider.jsm :: loadExtensionState :: line 1554"  data: no] Stack trace: loadExtensionState()@resource://gre/modules/addons/XPIProvider.jsm:1554 < getInstallState()@resource://gre/modules/addons/XPIProvider.jsm:1589 < checkForChanges()@resource://gre/modules/addons/XPIProvider.jsm:3109 < startup()@resource://gre/modules/addons/XPIProvider.jsm:2188 < callProvider()@resource://gre/modules/AddonManager.jsm:269 < _startProvider()@resource://gre/modules/AddonManager.jsm:739 < startup()@resource://gre/modules/AddonManager.jsm:906 < startup()@resource://gre/modules/AddonManager.jsm:3090 < observe()@jar:file:///C:/Program%20Files%20(x86)/Mozilla%20Firefox/omni.ja!/components/addonManager.js:65
1534162280425	Marionette	INFO	Enabled via --marionette
1534162283527	Marionette	INFO	Listening on port 59554
1534162283630	Marionette	WARN	TLS certificate errors will be ignored for this session
1534162283702	Marionette	DEBUG	Register listener.js for window 4294967297
1534162283779	Marionette	DEBUG	Received DOM event "beforeunload" for "about:blank"
1534162284215	Marionette	DEBUG	Received DOM event "pagehide" for "about:blank"
1534162284216	Marionette	DEBUG	Received DOM event "unload" for "about:blank"
JavaScript warning: https://www.googletagmanager.com/gtag/js?id=UA-55961911-1, line 69: unreachable code after return statement
JavaScript warning: https://www.googletagmanager.com/gtag/js?id=UA-55961911-1, line 69: unreachable code after return statement
1534162286261	Marionette	DEBUG	Received DOM event "DOMContentLoaded" for "https://pypi.org/"
1534162287323	Marionette	DEBUG	Received DOM event "pageshow" for "https://pypi.org/"
1534162289590	Marionette	DEBUG	Received DOM event "beforeunload" for "https://pypi.org/"
1534162290394	Marionette	DEBUG	Received DOM event "pagehide" for "https://pypi.org/"
1534162290394	Marionette	DEBUG	Received DOM event "unload" for "https://pypi.org/"
1534162290621	Marionette	DEBUG	Received DOM event "DOMContentLoaded" for "https://pypi.org/search/?q=selenium"
JavaScript warning: https://www.googletagmanager.com/gtag/js?id=UA-55961911-1, line 69: unreachable code after return statement
JavaScript warning: https://www.googletagmanager.com/gtag/js?id=UA-55961911-1, line 69: unreachable code after return statement
1534162291004	Marionette	DEBUG	Received DOM event "pageshow" for "https://pypi.org/search/?q=selenium"
1534162296021	Marionette	INFO	New connections will no longer be accepted
[Parent 11020] WARNING: pipe error: 109: file z:/build/build/src/ipc/chromium/src/chrome/common/ipc_channel_win.cc, line 346
[Child 13864] WARNING: pipe error: 109: file z:/build/build/src/ipc/chromium/src/chrome/common/ipc_channel_win.cc, line 346
[Child 13864] WARNING: pipe error: 109: file z:/build/build/src/ipc/chromium/src/chrome/common/ipc_channel_win.cc, line 346
[Parent 11020] WARNING: pipe error: 109: file z:/build/build/src/ipc/chromium/src/chrome/common/ipc_channel_win.cc, line 346
[Child 1588] WARNING: pipe error: 109: file z:/build/build/src/ipc/chromium/src/chrome/common/ipc_channel_win.cc, line 346
*** UTM:SVC TimerManager:registerTimer called after profile-before-change notification. Ignoring timer registration for id: telemetry_modules_ping
[GPU 11460] WARNING: pipe error: 109: file z:/build/build/src/ipc/chromium/src/chrome/common/ipc_channel_win.cc, line 346

###!!! [Child][MessageChannel::SendAndWait] Error: Channel error: cannot send/recv

1534162297525	geckodriver::marionette	ERROR	Failed to stop browser process
1534162614867	geckodriver	INFO	geckodriver 0.20.0 (0ac3698a74a7b1a742682b8e704f1f418df827ed 2018-03-13)
1534162614883	geckodriver	INFO	Listening on 127.0.0.1:59828
1534162614983	mozrunner::runner	INFO	Running command: "C:\\Program Files (x86)\\Mozilla Firefox\\firefox.exe" "-marionette" "-profile" "C:\\Users\\hdo1228\\AppData\\Local\\Temp\\rust_mozprofile.ZkiULUqn94nE"
1534162615383	addons.xpi	WARN	Error parsing extensions state: [Exception... "Component returned failure code: 0x80520012 (NS_ERROR_FILE_NOT_FOUND) [amIAddonManagerStartup.readStartupData]"  nsresult: "0x80520012 (NS_ERROR_FILE_NOT_FOUND)"  location: "JS frame :: resource://gre/modules/addons/XPIProvider.jsm :: loadExtensionState :: line 1554"  data: no] Stack trace: loadExtensionState()@resource://gre/modules/addons/XPIProvider.jsm:1554 < getInstallState()@resource://gre/modules/addons/XPIProvider.jsm:1589 < checkForChanges()@resource://gre/modules/addons/XPIProvider.jsm:3109 < startup()@resource://gre/modules/addons/XPIProvider.jsm:2188 < callProvider()@resource://gre/modules/AddonManager.jsm:269 < _startProvider()@resource://gre/modules/AddonManager.jsm:739 < startup()@resource://gre/modules/AddonManager.jsm:906 < startup()@resource://gre/modules/AddonManager.jsm:3090 < observe()@jar:file:///C:/Program%20Files%20(x86)/Mozilla%20Firefox/omni.ja!/components/addonManager.js:65
1534162616428	Marionette	INFO	Enabled via --marionette
[Parent 8356] WARNING: pipe error: 109: file z:/build/build/src/ipc/chromium/src/chrome/common/ipc_channel_win.cc, line 346
[Child 10012] WARNING: pipe error: 109: file z:/build/build/src/ipc/chromium/src/chrome/common/ipc_channel_win.cc, line 346
1534162619517	Marionette	INFO	Listening on port 59834
1534162619727	Marionette	WARN	TLS certificate errors will be ignored for this session
1534162619783	Marionette	DEBUG	Register listener.js for window 4294967297
1534162619841	Marionette	DEBUG	Received DOM event "beforeunload" for "about:blank"
1534162620206	Marionette	DEBUG	Received DOM event "pagehide" for "about:blank"
1534162620207	Marionette	DEBUG	Received DOM event "unload" for "about:blank"
1534162623739	Marionette	DEBUG	Received DOM event "DOMContentLoaded" for "https://pypi.org/"
JavaScript warning: https://www.googletagmanager.com/gtag/js?id=UA-55961911-1, line 69: unreachable code after return statement
JavaScript warning: https://www.googletagmanager.com/gtag/js?id=UA-55961911-1, line 69: unreachable code after return statement
1534162626800	Marionette	DEBUG	Received DOM event "pageshow" for "https://pypi.org/"
1534162628984	Marionette	DEBUG	Received DOM event "beforeunload" for "https://pypi.org/"
1534162630310	Marionette	DEBUG	Received DOM event "pagehide" for "https://pypi.org/"
1534162630313	Marionette	DEBUG	Received DOM event "unload" for "https://pypi.org/"
JavaScript warning: https://www.googletagmanager.com/gtag/js?id=UA-55961911-1, line 69: unreachable code after return statement
JavaScript warning: https://www.googletagmanager.com/gtag/js?id=UA-55961911-1, line 69: unreachable code after return statement
1534162631147	Marionette	DEBUG	Received DOM event "DOMContentLoaded" for "https://pypi.org/search/?q=selenium"
1534162631997	Marionette	DEBUG	Received DOM event "pageshow" for "https://pypi.org/search/?q=selenium"
1534162637048	Marionette	INFO	New connections will no longer be accepted
[Child 11672] WARNING: pipe error: 109: file z:/build/build/src/ipc/chromium/src/chrome/common/ipc_channel_win.cc, line 346
[Child 11672] WARNING: pipe error: 109: file z:/build/build/src/ipc/chromium/src/chrome/common/ipc_channel_win.cc, line 346
1534162637466	addons.productaddons	WARN	Failed downloading via XHR, status: 0, reason: error
[Child 11712] WARNING: pipe error: 109: file z:/build/build/src/ipc/chromium/src/chrome/common/ipc_channel_win.cc, line 346
[Child 11712] WARNING: pipe error: 109: file z:/build/build/src/ipc/chromium/src/chrome/common/ipc_channel_win.cc, line 346
*** UTM:SVC TimerManager:registerTimer called after profile-before-change notification. Ignoring timer registration for id: telemetry_modules_ping
[GPU 12928] WARNING: pipe error: 109: file z:/build/build/src/ipc/chromium/src/chrome/common/ipc_channel_win.cc, line 346

###!!! [Child][MessageChannel::SendAndWait] Error: Channel error: cannot send/recv

1534162638952	geckodriver::marionette	ERROR	Failed to stop browser process
1534163052566	geckodriver	INFO	geckodriver 0.20.0 (0ac3698a74a7b1a742682b8e704f1f418df827ed 2018-03-13)
1534163052584	geckodriver	INFO	Listening on 127.0.0.1:60609
1534163053170	mozrunner::runner	INFO	Running command: "C:\\Program Files (x86)\\Mozilla Firefox\\firefox.exe" "-marionette" "-profile" "C:\\Users\\hdo1228\\AppData\\Local\\Temp\\rust_mozprofile.2evO7wUvRrWx"
1534163053557	addons.xpi	WARN	Error parsing extensions state: [Exception... "Component returned failure code: 0x80520012 (NS_ERROR_FILE_NOT_FOUND) [amIAddonManagerStartup.readStartupData]"  nsresult: "0x80520012 (NS_ERROR_FILE_NOT_FOUND)"  location: "JS frame :: resource://gre/modules/addons/XPIProvider.jsm :: loadExtensionState :: line 1554"  data: no] Stack trace: loadExtensionState()@resource://gre/modules/addons/XPIProvider.jsm:1554 < getInstallState()@resource://gre/modules/addons/XPIProvider.jsm:1589 < checkForChanges()@resource://gre/modules/addons/XPIProvider.jsm:3109 < startup()@resource://gre/modules/addons/XPIProvider.jsm:2188 < callProvider()@resource://gre/modules/AddonManager.jsm:269 < _startProvider()@resource://gre/modules/AddonManager.jsm:739 < startup()@resource://gre/modules/AddonManager.jsm:906 < startup()@resource://gre/modules/AddonManager.jsm:3090 < observe()@jar:file:///C:/Program%20Files%20(x86)/Mozilla%20Firefox/omni.ja!/components/addonManager.js:65
1534163054460	Marionette	INFO	Enabled via --marionette
[Parent 7980] WARNING: pipe error: 109: file z:/build/build/src/ipc/chromium/src/chrome/common/ipc_channel_win.cc, line 346
[Child 14240] WARNING: pipe error: 109: file z:/build/build/src/ipc/chromium/src/chrome/common/ipc_channel_win.cc, line 346
[Child 14240] WARNING: pipe error: 109: file z:/build/build/src/ipc/chromium/src/chrome/common/ipc_channel_win.cc, line 346
1534163057746	Marionette	INFO	Listening on port 60619
1534163057919	Marionette	WARN	TLS certificate errors will be ignored for this session
1534163057975	Marionette	DEBUG	Register listener.js for window 4294967297
1534163058036	Marionette	DEBUG	Received DOM event "beforeunload" for "about:blank"
1534163059256	Marionette	DEBUG	Received DOM event "pagehide" for "about:blank"
1534163059256	Marionette	DEBUG	Received DOM event "unload" for "about:blank"
JavaScript warning: https://www.googletagmanager.com/gtag/js?id=UA-55961911-1, line 69: unreachable code after return statement
JavaScript warning: https://www.googletagmanager.com/gtag/js?id=UA-55961911-1, line 69: unreachable code after return statement
1534163061264	Marionette	DEBUG	Received DOM event "DOMContentLoaded" for "https://pypi.org/"
1534163062729	Marionette	DEBUG	Received DOM event "pageshow" for "https://pypi.org/"
1534163064883	Marionette	DEBUG	Received DOM event "beforeunload" for "https://pypi.org/"
1534163065907	Marionette	DEBUG	Received DOM event "pagehide" for "https://pypi.org/"
1534163065907	Marionette	DEBUG	Received DOM event "unload" for "https://pypi.org/"
1534163066375	Marionette	DEBUG	Received DOM event "DOMContentLoaded" for "https://pypi.org/search/?q=selenium"
JavaScript warning: https://www.googletagmanager.com/gtag/js?id=UA-55961911-1, line 69: unreachable code after return statement
JavaScript warning: https://www.googletagmanager.com/gtag/js?id=UA-55961911-1, line 69: unreachable code after return statement
1534163066860	Marionette	DEBUG	Received DOM event "pageshow" for "https://pypi.org/search/?q=selenium"
1534163071886	Marionette	INFO	New connections will no longer be accepted
[Child 13456] WARNING: pipe error: 109: file z:/build/build/src/ipc/chromium/src/chrome/common/ipc_channel_win.cc, line 346
[Child 13456] WARNING: pipe error: 109: file z:/build/build/src/ipc/chromium/src/chrome/common/ipc_channel_win.cc, line 346
[Child 1460] WARNING: pipe error: 109: file z:/build/build/src/ipc/chromium/src/chrome/common/ipc_channel_win.cc, line 346

###!!! [Child][RunMessage] Error: Channel closing: too late to send/recv, messages will be lost

*** UTM:SVC TimerManager:registerTimer called after profile-before-change notification. Ignoring timer registration for id: telemetry_modules_ping
[GPU 9940] WARNING: pipe error: 109: file z:/build/build/src/ipc/chromium/src/chrome/common/ipc_channel_win.cc, line 346

###!!! [Child][MessageChannel::SendAndWait] Error: (msgtype=0x440006,name=PImageBridge::Msg_WillClose) Channel error: cannot send/recv

1534163074138	geckodriver::marionette	ERROR	Failed to stop browser process
1534918684256	geckodriver	INFO	geckodriver 0.20.0 (0ac3698a74a7b1a742682b8e704f1f418df827ed 2018-03-13)
1534918684269	geckodriver	INFO	Listening on 127.0.0.1:55294
1534918684851	mozrunner::runner	INFO	Running command: "C:\\Program Files (x86)\\Mozilla Firefox\\firefox.exe" "-marionette" "-profile" "C:\\Users\\hdo1228\\AppData\\Local\\Temp\\rust_mozprofile.vOBLrEtogZPN"
1534918685431	addons.xpi	WARN	Error parsing extensions state: [Exception... "Component returned failure code: 0x80520012 (NS_ERROR_FILE_NOT_FOUND) [amIAddonManagerStartup.readStartupData]"  nsresult: "0x80520012 (NS_ERROR_FILE_NOT_FOUND)"  location: "JS frame :: resource://gre/modules/addons/XPIProvider.jsm :: loadExtensionState :: line 1554"  data: no] Stack trace: loadExtensionState()@resource://gre/modules/addons/XPIProvider.jsm:1554 < getInstallState()@resource://gre/modules/addons/XPIProvider.jsm:1589 < checkForChanges()@resource://gre/modules/addons/XPIProvider.jsm:3109 < startup()@resource://gre/modules/addons/XPIProvider.jsm:2188 < callProvider()@resource://gre/modules/AddonManager.jsm:269 < _startProvider()@resource://gre/modules/AddonManager.jsm:739 < startup()@resource://gre/modules/AddonManager.jsm:906 < startup()@resource://gre/modules/AddonManager.jsm:3090 < observe()@jar:file:///C:/Program%20Files%20(x86)/Mozilla%20Firefox/omni.ja!/components/addonManager.js:65
1534918686569	Marionette	INFO	Enabled via --marionette
1534918690981	Marionette	INFO	Listening on port 55300
1534918691188	Marionette	WARN	TLS certificate errors will be ignored for this session
1534918691246	Marionette	DEBUG	Register listener.js for window 6442450945
1534918691284	Marionette	DEBUG	Received DOM event "beforeunload" for "about:blank"
1534918691396	Marionette	DEBUG	Received DOM event "pagehide" for "about:blank"
1534918691397	Marionette	DEBUG	Received DOM event "unload" for "about:blank"
JavaScript warning: https://www.googletagmanager.com/gtag/js?id=UA-55961911-1, line 69: unreachable code after return statement
JavaScript warning: https://www.googletagmanager.com/gtag/js?id=UA-55961911-1, line 69: unreachable code after return statement
1534918698612	Marionette	DEBUG	Received observer notification "outer-window-destroyed" for "6442450945"
[Parent 6268] WARNING: pipe error: 109: file z:/build/build/src/ipc/chromium/src/chrome/common/ipc_channel_win.cc, line 346
[Child 10504] WARNING: pipe error: 109: file z:/build/build/src/ipc/chromium/src/chrome/common/ipc_channel_win.cc, line 346
[Child 10348] WARNING: pipe error: 109: file z:/build/build/src/ipc/chromium/src/chrome/common/ipc_channel_win.cc, line 346
[Child 10348] WARNING: pipe error: 109: file z:/build/build/src/ipc/chromium/src/chrome/common/ipc_channel_win.cc, line 346
*** UTM:SVC TimerManager:registerTimer called after profile-before-change notification. Ignoring timer registration for id: telemetry_modules_ping
[GPU 9392] WARNING: pipe error: 109: file z:/build/build/src/ipc/chromium/src/chrome/common/ipc_channel_win.cc, line 346

###!!! [Child][MessageChannel::SendAndWait] Error: Channel error: cannot send/recv

1534918699880	geckodriver::marionette	ERROR	Failed to stop browser process
